<?xml version="1.0" encoding="UTF-8"?>
<!-- Generated by org.testng.reporters.JUnitXMLReporter -->
<testsuite ignored="3" hostname="saad" failures="0" tests="16" name="SpecificTests" time="18.406" errors="0" timestamp="2025-01-29T20:50:51 PKT">
  <testcase classname="tests.posts_l1f21bsse0491" name="createNewPost" time="4.181"/>
  <testcase classname="tests.posts_l1f21bsse0491" name="updatePost" time="1.116"/>
  <testcase classname="tests.posts_l1f21bsse0452" name="createNewPost" time="1.188"/>
  <testcase classname="tests.posts_l1f21bsse0452" name="updatePost" time="1.045"/>
  <testcase classname="tests.todos_l1f21bsse0493" name="createNewTodo" time="0.857"/>
  <testcase classname="tests.todos_l1f21bsse0493" name="updateTodo" time="0.959"/>
  <testcase classname="tests.todos_l1f21bsse0507" name="createNewTodo" time="0.743"/>
  <testcase classname="tests.todos_l1f21bsse0507" name="updateTodo" time="1.044"/>
  <testcase classname="tests.users_l1f21bsse0395" name="createUser" time="0.991"/>
  <testcase classname="tests.users_l1f21bsse0395" name="updateUser" time="0.892"/>
  <testcase classname="tests.users_l1f21bsse0492" name="createUser" time="0.793"/>
  <testcase classname="tests.users_l1f21bsse0492" name="updateUser" time="1.061"/>
  <testcase classname="tests.comments_l1f21bsse0447" name="createComment" time="0.767"/>
  <testcase classname="tests.comments_l1f21bsse0447" name="updateComment" time="0.95"/>
  <testcase classname="tests.comments_l1f21bsse0547" name="createComment" time="0.908"/>
  <testcase classname="tests.comments_l1f21bsse0547" name="updateComment" time="0.797"/>
  <testcase classname="tests.users_l1f21bsse0395" name="deleteUser" time="0.0">
    <ignored/>
  </testcase> <!-- deleteUser -->
  <testcase classname="tests.todos_l1f21bsse0493" name="getTodo" time="0.0">
    <ignored/>
  </testcase> <!-- getTodo -->
  <testcase classname="tests.todos_l1f21bsse0493" name="deleteTodo" time="0.0">
    <ignored/>
  </testcase> <!-- deleteTodo -->
</testsuite> <!-- SpecificTests -->
